<?xml version="1.0" encoding="UTF-8"?>
<testng-results ignored="0" total="3" passed="3" failed="0" skipped="0">
  <reporter-output>
  </reporter-output>
  <suite started-at="2024-07-12T22:44:31 IST" name="Surefire suite" finished-at="2024-07-12T22:44:50 IST" duration-ms="19362">
    <groups>
      <group name="cucumber">
        <method signature="AbstractTestNGCucumberTests.runScenario(io.cucumber.testng.PickleWrapper,io.cucumber.testng.FeatureWrapper)[pri:0, instance:Runner.Runner@ae13544]" name="runScenario" class="io.cucumber.testng.AbstractTestNGCucumberTests"/>
      </group> <!-- cucumber -->
    </groups>
    <test started-at="2024-07-12T22:44:31 IST" name="Surefire test" finished-at="2024-07-12T22:44:50 IST" duration-ms="19362">
      <class name="Runner.Runner">
        <test-method is-config="true" signature="setUpClass(org.testng.ITestContext)[pri:0, instance:Runner.Runner@ae13544]" started-at="2024-07-12T22:44:31 IST" name="setUpClass" finished-at="2024-07-12T22:44:31 IST" duration-ms="354" status="PASS">
          <params>
            <param index="0">
              <value>
                <![CDATA[org.testng.TestRunner@53a9fcfd]]>
              </value>
            </param>
          </params>
          <reporter-output>
          </reporter-output>
        </test-method> <!-- setUpClass -->
        <test-method signature="runScenario(io.cucumber.testng.PickleWrapper,io.cucumber.testng.FeatureWrapper)[pri:0, instance:Runner.Runner@ae13544]" started-at="2024-07-12T22:44:31 IST" name="runScenario" description="Runs Cucumber Scenarios" data-provider="scenarios" finished-at="2024-07-12T22:44:43 IST" duration-ms="11967" status="PASS">
          <params>
            <param index="0">
              <value>
                <![CDATA["Create new board"]]>
              </value>
            </param>
            <param index="1">
              <value>
                <![CDATA["Feature to test create new board"]]>
              </value>
            </param>
          </params>
          <reporter-output>
          </reporter-output>
        </test-method> <!-- runScenario -->
        <test-method signature="runScenario(io.cucumber.testng.PickleWrapper,io.cucumber.testng.FeatureWrapper)[pri:0, instance:Runner.Runner@ae13544]" started-at="2024-07-12T22:44:43 IST" name="runScenario" description="Runs Cucumber Scenarios" data-provider="scenarios" finished-at="2024-07-12T22:44:46 IST" duration-ms="3374" status="PASS">
          <params>
            <param index="0">
              <value>
                <![CDATA["verifying the functionality of adding a list"]]>
              </value>
            </param>
            <param index="1">
              <value>
                <![CDATA["Feature to test the functionalities of a list"]]>
              </value>
            </param>
          </params>
          <reporter-output>
          </reporter-output>
        </test-method> <!-- runScenario -->
        <test-method signature="runScenario(io.cucumber.testng.PickleWrapper,io.cucumber.testng.FeatureWrapper)[pri:0, instance:Runner.Runner@ae13544]" started-at="2024-07-12T22:44:46 IST" name="runScenario" description="Runs Cucumber Scenarios" data-provider="scenarios" finished-at="2024-07-12T22:44:49 IST" duration-ms="2374" status="PASS">
          <params>
            <param index="0">
              <value>
                <![CDATA["verifying the functionality of deleting a list"]]>
              </value>
            </param>
            <param index="1">
              <value>
                <![CDATA["Feature to test the functionalities of a list"]]>
              </value>
            </param>
          </params>
          <reporter-output>
          </reporter-output>
        </test-method> <!-- runScenario -->
        <test-method is-config="true" signature="tearDownClass()[pri:0, instance:Runner.Runner@ae13544]" started-at="2024-07-12T22:44:49 IST" name="tearDownClass" finished-at="2024-07-12T22:44:50 IST" duration-ms="1221" status="PASS">
          <reporter-output>
          </reporter-output>
        </test-method> <!-- tearDownClass -->
      </class> <!-- Runner.Runner -->
    </test> <!-- Surefire test -->
  </suite> <!-- Surefire suite -->
</testng-results>
